<?xml version="1.0" encoding="UTF-8"?>
<testsuite name="Registro de Horas Extra" tests="2" skipped="0" failures="0" errors="0" timestamp="2025-11-06T23:00:29" hostname="DESKTOP-1B2TGBQ" time="108.942">
  <properties/>
  <testcase name="Registrar horas extra exitosamente" classname="Registro de Horas Extra" time="70.846"/>
  <testcase name="Registrar horas extra con descripción vacía" classname="Registro de Horas Extra" time="38.089"/>
  <system-out><![CDATA[    ?[32mDado ?[0m?[32mque el usuario ingresa con sus credenciales a ManageHR?[0m ?[90m# HorasExtraStepDefinitions.queElUsuarioIngresaConSusCredencialesAManageHR(String,String>>)?[0m

  @horas_extra
  Escenario: Registrar horas extra exitosamente                       ?[90m# src/test/resources/features/horas_extra.feature:15?[0m
    ?[32mCuando ?[0m?[32mregistra una solicitud de horas extra?[0m                      ?[90m# HorasExtraStepDefinitions.registraUnaSolicitudDeHorasExtra(String,String>>)?[0m
    ?[32mEntonces ?[0m?[32mdebe visualizar la confirmación de envío de la solicitud?[0m ?[90m# HorasExtraStepDefinitions.debeVisualizarLaConfirmacionDeEnvioDeLaSolicitud()?[0m
    ?[32mDado ?[0m?[32mque el usuario ingresa con sus credenciales a ManageHR?[0m ?[90m# HorasExtraStepDefinitions.queElUsuarioIngresaConSusCredencialesAManageHR(String,String>>)?[0m

  @horas_extra
  Escenario: Registrar horas extra con descripción vacía               ?[90m# src/test/resources/features/horas_extra.feature:22?[0m
    ?[32mDado ?[0m?[32mque el usuario ingresa con sus credenciales a ManageHR?[0m        ?[90m# HorasExtraStepDefinitions.queElUsuarioIngresaConSusCredencialesAManageHR(String,String>>)?[0m
    ?[32mCuando ?[0m?[32mregistra una solicitud de horas extra?[0m                       ?[90m# HorasExtraStepDefinitions.registraUnaSolicitudDeHorasExtra(String,String>>)?[0m
    ?[32mEntonces ?[0m?[32mdebe visualizar un mensaje de error por descripción vacía?[0m ?[90m# HorasExtraStepDefinitions.debeVisualizarUnMensajeDeErrorPorDescripcionVacia()?[0m
]]></system-out>
  <system-err><![CDATA[nov. 06, 2025 6:00:29 P. M. org.openqa.selenium.remote.DesiredCapabilities chrome
INFORMACIÓN: Using `new ChromeOptions()` is preferred to `DesiredCapabilities.chrome()`
[Test worker] INFO net.serenitybdd.core.webdriver.driverproviders.ProvideNewDriver - Instantiating driver
[Test worker] INFO net.serenitybdd.core.webdriver.driverproviders.ProvideNewDriver - Driver capabilities: Capabilities {acceptInsecureCerts: false, browserName: chrome, goog:chromeOptions: {args: [], extensions: [], prefs: {behavior: allow}}, loggingPrefs: org.openqa.selenium.logging..., name: proyecto, platform: ANY, unhandledPromptBehavior: ignore, version: }
Starting ChromeDriver 141.0.7390.122 (b477534e7e10d193e916cd4e2967c589383625b2-refs/branch-heads/7390@{#2667}) on port 39560
Only local connections are allowed.
Please see https://chromedriver.chromium.org/security-considerations for suggestions on keeping ChromeDriver safe.
ChromeDriver was started successfully on port 39560.
[1762470031.316][WARNING]: This version of ChromeDriver has not been tested with Chrome version 142.
nov. 06, 2025 6:00:31 P. M. org.openqa.selenium.remote.ProtocolHandshake createSession
INFORMACIÓN: Detected dialect: W3C
[Test worker] INFO net.thucydides.core.steps.ConsoleLoggingListener - 
        __    _____ _____ ____ _____   ____   _    ____  ____  _____ ____  
  _     \ \  |_   _| ____/ ___|_   _| |  _ \ / \  / ___|/ ___|| ____|  _ \ 
 (_)_____| |   | | |  _| \___ \ | |   | |_) / _ \ \___ \\___ \|  _| | | | |
  _|_____| |   | | | |___ ___) || |   |  __/ ___ \ ___) |___) | |___| |_| |
 (_)     | |   |_| |_____|____/ |_|   |_| /_/   \_\____/|____/|_____|____/ 
        /_/                                                                

TEST PASSED: Registrar horas extra exitosamente
----------------------------------------------------------------------------
nov. 06, 2025 6:01:40 P. M. org.openqa.selenium.remote.DesiredCapabilities chrome
INFORMACIÓN: Using `new ChromeOptions()` is preferred to `DesiredCapabilities.chrome()`
[Test worker] INFO net.serenitybdd.core.webdriver.driverproviders.ProvideNewDriver - Instantiating driver
[Test worker] INFO net.serenitybdd.core.webdriver.driverproviders.ProvideNewDriver - Driver capabilities: Capabilities {acceptInsecureCerts: false, browserName: chrome, goog:chromeOptions: {args: [], extensions: [], prefs: {behavior: allow}}, loggingPrefs: org.openqa.selenium.logging..., name: proyecto, platform: ANY, unhandledPromptBehavior: ignore, version: }
Starting ChromeDriver 141.0.7390.122 (b477534e7e10d193e916cd4e2967c589383625b2-refs/branch-heads/7390@{#2667}) on port 8863
Only local connections are allowed.
Please see https://chromedriver.chromium.org/security-considerations for suggestions on keeping ChromeDriver safe.
ChromeDriver was started successfully on port 8863.
[1762470101.195][WARNING]: This version of ChromeDriver has not been tested with Chrome version 142.
nov. 06, 2025 6:01:41 P. M. org.openqa.selenium.remote.ProtocolHandshake createSession
INFORMACIÓN: Detected dialect: W3C
[Test worker] ERROR net.thucydides.core.steps.ConsoleLoggingListener - 
           __  _____ _____ ____ _____   _____ _    ___ _     _____ ____  
  _       / / |_   _| ____/ ___|_   _| |  ___/ \  |_ _| |   | ____|  _ \ 
 (_)_____| |    | | |  _| \___ \ | |   | |_ / _ \  | || |   |  _| | | | |
  _|_____| |    | | | |___ ___) || |   |  _/ ___ \ | || |___| |___| |_| |
 (_)     | |    |_| |_____|____/ |_|   |_|/_/   \_\___|_____|_____|____/ 
          \_\                                                            

TEST FAILED: Registrar horas extra con descripción vacía
--------------------------------------------------------------------------
[Test worker] ERROR net.thucydides.core.steps.ConsoleLoggingListener - TEST FAILED AT STEP Sharon clicks on Enviar Solicitud
[Test worker] ERROR net.thucydides.core.steps.ConsoleLoggingListener - Expected enabled element was not enabled
]]></system-err>
</testsuite>
