<?xml version="1.0" encoding="UTF-8"?>
<testsuite name="Registro de Horas Extra" tests="1" skipped="0" failures="0" errors="0" timestamp="2025-11-11T15:44:46" hostname="DESKTOP-F1HHG8O" time="67.167">
  <properties/>
  <testcase name="Registrar horas extra exitosamente" classname="Registro de Horas Extra" time="67.167"/>
  <system-out><![CDATA[    ?[32mDado ?[0m?[32mque el usuario se encuentra en la página de inicio de sesión de Managehr?[0m ?[90m# AutenticacionStepDefinitions.queElUsuarioSeEncuentraEnLaPáginaDeInicioDeSesiónDeManagehr()?[0m
Ejecutando login con: sharon@gmail.com
URL actual: https://evensoft21.com/managehr/Angular/home
URL diferente a la esperada, pero continuando...
AUTENTICACIÓN COMPLETADA
    ?[32mCuando ?[0m?[32mingrese las credenciales correctas (correo y clave)?[0m                    ?[90m# AutenticacionStepDefinitions.ingreseLasCredencialesCorrectasCorreoYClave(CredencialesInicioSesion>)?[0m

  @horas_extra
  Escenario: Registrar horas extra exitosamente                                  ?[90m# src/test/resources/features/horas_extra.feature:16?[0m
Se dio click en Horas ExtraSe cerro el modal de alerta    ?[32mCuando ?[0m?[32mregistra una solicitud de horas extra?[0m                                 ?[90m# HorasExtraStepDefinitions.registraUnaSolicitudDeHorasExtra(HorasExtraUsuario>)?[0m
    ?[32mEntonces ?[0m?[32mdebe visualizar la confirmación de envío de la solicitud?[0m            ?[90m# HorasExtraStepDefinitions.debeVisualizarLaConfirmaciónDeEnvíoDeLaSolicitud()?[0m
    ?[32mY ?[0m?[32mdebe aparecer una alerta de exito y cerrarse?[0m                               ?[90m# HorasExtraStepDefinitions.debeAparecerUnaAlertaDeExitoYCerrarse()?[0m
    ?[32mCuando ?[0m?[32mregistra una solicitud de horas extra sin descripcion?[0m                 ?[90m# HorasExtraStepDefinitions.registraUnaSolicitudDeHorasExtraSinDescripcion(HorasExtraUsuario>)?[0m
Mensaje de error capturado: Error
    ?[32mEntonces ?[0m?[32mdebe visualizar el mensaje de error en el formulario de horas extra?[0m ?[90m# HorasExtraStepDefinitions.debeVisualizarElMensajeDeErrorEnElFormularioDeHorasExtra()?[0m
    ?[32mY ?[0m?[32mse debe cerrar la alerta?[0m                                                   ?[90m# HorasExtraStepDefinitions.seDebeCerrarLaAlerta()?[0m
]]></system-out>
  <system-err><![CDATA[nov. 11, 2025 10:44:48 A. M. org.openqa.selenium.remote.DesiredCapabilities chrome
INFORMACIÓN: Using `new ChromeOptions()` is preferred to `DesiredCapabilities.chrome()`
[Test worker] INFO net.serenitybdd.core.webdriver.driverproviders.ProvideNewDriver - Instantiating driver
[Test worker] INFO net.serenitybdd.core.webdriver.driverproviders.ProvideNewDriver - Driver capabilities: Capabilities {acceptInsecureCerts: false, browserName: chrome, chrome.switches: --incognito;--start-maximized, goog:chromeOptions: {args: [--incognito, --start-maximized], extensions: [], prefs: {behavior: allow}}, loggingPrefs: org.openqa.selenium.logging..., name: proyecto, platform: ANY, unhandledPromptBehavior: ignore, version: }
Starting ChromeDriver 141.0.7390.122 (b477534e7e10d193e916cd4e2967c589383625b2-refs/branch-heads/7390@{#2667}) on port 37006
Only local connections are allowed.
Please see https://chromedriver.chromium.org/security-considerations for suggestions on keeping ChromeDriver safe.
ChromeDriver was started successfully on port 37006.
[1762875897.148][WARNING]: This version of ChromeDriver has not been tested with Chrome version 142.
nov. 11, 2025 10:44:57 A. M. org.openqa.selenium.remote.ProtocolHandshake createSession
INFORMACIÓN: Detected dialect: W3C
[Test worker] INFO net.thucydides.core.steps.ConsoleLoggingListener - 
        __    _____ _____ ____ _____   ____   _    ____  ____  _____ ____  
  _     \ \  |_   _| ____/ ___|_   _| |  _ \ / \  / ___|/ ___|| ____|  _ \ 
 (_)_____| |   | | |  _| \___ \ | |   | |_) / _ \ \___ \\___ \|  _| | | | |
  _|_____| |   | | | |___ ___) || |   |  __/ ___ \ ___) |___) | |___| |_| |
 (_)     | |   |_| |_____|____/ |_|   |_| /_/   \_\____/|____/|_____|____/ 
        /_/                                                                

TEST PASSED: Registrar horas extra exitosamente
----------------------------------------------------------------------------
]]></system-err>
</testsuite>
