<?xml version="1.0" encoding="UTF-8"?><testsuite errors="0" failures="1" name="Gestión de contratos" skipped="0" tests="1" time="61.9" timestamp="2025-11-09 10:17:04"><testcase name="Registrar un nuevo contrato"><failure message="&#13;&#10;Expected: &lt;true&gt;&#13;&#10;     but: was &lt;false&gt;" type="java.lang.AssertionError">&#13;
Expected: &lt;true&gt;&#13;
     but: was &lt;false&gt;</failure><system-err>&#13;
Expected: &lt;true&gt;&#13;
     but: was &lt;false&gt;&#13;
co.com.Managehr.stepsdefinitions.ContratosStepDefinitions.elContratoConDocumentoDebeQuedarRegistradoEnLaTablaDeContratos(ContratosStepDefinitions.java:27)&#13;
✽.el contrato con documento "103293999" debe quedar registrado en la tabla de contratos(src/test/resources/features/gestion_contratos.feature:17)&#13;
</system-err></testcase></testsuite>